2016-01-23T00:21:56.478Z - info: Setting process based strategy for rendering. Please visit http://jsreport.net/learn/configuration for information how to get more performance.
2016-01-23T00:21:57.393Z - info: Searching for available extensions in /home/jonathan/Documents/NodeJs/pdf/
2016-01-23T00:22:03.742Z - info: Found 29 extensions
2016-01-23T00:22:03.839Z - info: Using extension test
2016-01-23T00:22:03.854Z - info: Using extension client-html
2016-01-23T00:22:04.069Z - info: Using extension embedded-store
2016-01-23T00:22:04.087Z - info: Using extension xlsx
2016-01-23T00:22:06.592Z - info: Using extension express
2016-01-23T00:22:07.608Z - info: Using extension fop-pdf
2016-01-23T00:22:07.817Z - info: Using extension handlebars
2016-01-23T00:22:07.832Z - info: Using extension authentication
2016-01-23T00:22:08.143Z - info: Using extension jsrender
2016-01-23T00:22:08.159Z - info: Using extension templates
2016-01-23T00:22:08.206Z - info: Using extension analytics
2016-01-23T00:22:09.224Z - info: Using extension fs-store
2016-01-23T00:22:10.178Z - info: Using extension data
2016-01-23T00:22:10.312Z - info: Using extension html-to-xlsx
2016-01-23T00:22:11.419Z - info: Using extension authorization
2016-01-23T00:22:11.456Z - info: Using extension child-templates
2016-01-23T00:22:11.499Z - info: Using extension licensing
2016-01-23T00:22:11.653Z - info: Using extension phantom-pdf
2016-01-23T00:22:12.207Z - info: Using extension text
2016-01-23T00:22:12.219Z - info: Using extension reports
2016-01-23T00:22:12.264Z - info: Using extension resources
2016-01-23T00:22:12.320Z - info: Using extension client-app
2016-01-23T00:22:12.335Z - info: Using extension images
2016-01-23T00:22:12.411Z - info: Using extension scheduling
2016-01-23T00:22:12.676Z - info: Using extension scripts
2016-01-23T00:22:12.780Z - info: Using extension statistics
2016-01-23T00:22:12.801Z - info: Using extension sample-template
2016-01-23T00:22:12.805Z - info: Using extension public-templates
2016-01-23T00:22:12.875Z - info: Using extension embedding
2016-01-23T00:22:13.089Z - info: Extensions loaded.
2016-01-23T00:22:13.258Z - info: Creating memory store
2016-01-23T00:22:13.361Z - info: Creating default express app.
2016-01-23T00:22:14.002Z - info: jsreport server successfully started on http port: 2000
2016-01-23T00:22:14.014Z - warn: License not found, using free
2016-01-23T00:22:14.054Z - info: reporter initialized
2016-01-23T00:24:30.015Z - info: Starting rendering request 1 (user: null)
2016-01-23T00:24:30.032Z - info: Rendering anonymous template { recipe:phantom-pdf,engine:handlebars}
2016-01-23T00:24:33.297Z - info: Rendering request 1 finished in 3281 ms
2016-01-23T02:06:54.222Z - info: Setting process based strategy for rendering. Please visit http://jsreport.net/learn/configuration for information how to get more performance.
2016-01-23T02:06:54.383Z - info: Searching for available extensions in /home/jonathan/Documents/NodeJs/pdf/
2016-01-23T02:06:54.716Z - info: Found 29 extensions
2016-01-23T02:06:54.739Z - info: Using extension test
2016-01-23T02:06:54.751Z - info: Using extension client-html
2016-01-23T02:06:54.787Z - info: Using extension embedded-store
2016-01-23T02:06:54.789Z - info: Using extension xlsx
2016-01-23T02:06:55.093Z - info: Using extension express
2016-01-23T02:06:55.389Z - info: Using extension fop-pdf
2016-01-23T02:06:55.439Z - info: Using extension handlebars
2016-01-23T02:06:55.443Z - info: Using extension authentication
2016-01-23T02:06:55.506Z - info: Using extension jsrender
2016-01-23T02:06:55.510Z - info: Using extension templates
2016-01-23T02:06:55.536Z - info: Using extension analytics
2016-01-23T02:06:55.831Z - info: Using extension fs-store
2016-01-23T02:06:56.010Z - info: Using extension data
2016-01-23T02:06:56.026Z - info: Using extension html-to-xlsx
2016-01-23T02:06:56.174Z - info: Using extension authorization
2016-01-23T02:06:56.186Z - info: Using extension child-templates
2016-01-23T02:06:56.202Z - info: Using extension licensing
2016-01-23T02:06:56.244Z - info: Using extension phantom-pdf
2016-01-23T02:06:56.317Z - info: Using extension text
2016-01-23T02:06:56.319Z - info: Using extension reports
2016-01-23T02:06:56.332Z - info: Using extension resources
2016-01-23T02:06:56.350Z - info: Using extension client-app
2016-01-23T02:06:56.361Z - info: Using extension images
2016-01-23T02:06:56.382Z - info: Using extension scheduling
2016-01-23T02:06:56.667Z - info: Using extension scripts
2016-01-23T02:06:56.768Z - info: Using extension statistics
2016-01-23T02:06:56.784Z - info: Using extension sample-template
2016-01-23T02:06:56.787Z - info: Using extension public-templates
2016-01-23T02:06:56.870Z - info: Using extension embedding
2016-01-23T02:06:57.092Z - info: Extensions loaded.
2016-01-23T02:06:57.298Z - info: Creating memory store
2016-01-23T02:06:57.369Z - info: Creating default express app.
2016-01-23T02:06:58.251Z - info: jsreport server successfully started on http port: 2000
2016-01-23T02:06:58.266Z - warn: License not found, using free
2016-01-23T02:06:58.317Z - info: reporter initialized
2016-01-23T02:09:59.459Z - info: Setting process based strategy for rendering. Please visit http://jsreport.net/learn/configuration for information how to get more performance.
2016-01-23T02:09:59.609Z - info: Searching for available extensions in /home/jonathan/Documents/NodeJs/pdf/
2016-01-23T02:09:59.924Z - info: Found 29 extensions
2016-01-23T02:09:59.947Z - info: Using extension test
2016-01-23T02:09:59.958Z - info: Using extension client-html
2016-01-23T02:09:59.991Z - info: Using extension embedded-store
2016-01-23T02:09:59.993Z - info: Using extension xlsx
2016-01-23T02:10:00.263Z - info: Using extension express
2016-01-23T02:10:00.495Z - info: Using extension fop-pdf
2016-01-23T02:10:00.535Z - info: Using extension handlebars
2016-01-23T02:10:00.538Z - info: Using extension authentication
2016-01-23T02:10:00.586Z - info: Using extension jsrender
2016-01-23T02:10:00.589Z - info: Using extension templates
2016-01-23T02:10:00.607Z - info: Using extension analytics
2016-01-23T02:10:00.831Z - info: Using extension fs-store
2016-01-23T02:10:01.010Z - info: Using extension data
2016-01-23T02:10:01.024Z - info: Using extension html-to-xlsx
2016-01-23T02:10:01.144Z - info: Using extension authorization
2016-01-23T02:10:01.153Z - info: Using extension child-templates
2016-01-23T02:10:01.167Z - info: Using extension licensing
2016-01-23T02:10:01.200Z - info: Using extension phantom-pdf
2016-01-23T02:10:01.261Z - info: Using extension text
2016-01-23T02:10:01.263Z - info: Using extension reports
2016-01-23T02:10:01.273Z - info: Using extension resources
2016-01-23T02:10:01.288Z - info: Using extension client-app
2016-01-23T02:10:01.298Z - info: Using extension images
2016-01-23T02:10:01.315Z - info: Using extension scheduling
2016-01-23T02:10:01.412Z - info: Using extension scripts
2016-01-23T02:10:01.428Z - info: Using extension statistics
2016-01-23T02:10:01.430Z - info: Using extension sample-template
2016-01-23T02:10:01.432Z - info: Using extension public-templates
2016-01-23T02:10:01.453Z - info: Using extension embedding
2016-01-23T02:10:01.491Z - info: Extensions loaded.
2016-01-23T02:10:01.523Z - info: Creating memory store
2016-01-23T02:10:01.581Z - info: Creating default express app.
2016-01-23T02:10:01.701Z - info: jsreport server successfully started on http port: 2000
2016-01-23T02:10:01.708Z - warn: License not found, using free
2016-01-23T02:10:01.731Z - info: reporter initialized
2016-01-23T02:10:02.950Z - info: Setting process based strategy for rendering. Please visit http://jsreport.net/learn/configuration for information how to get more performance.
2016-01-23T02:10:03.102Z - info: Searching for available extensions in /home/jonathan/Documents/NodeJs/pdf/
2016-01-23T02:10:03.427Z - info: Found 29 extensions
2016-01-23T02:10:03.449Z - info: Using extension test
2016-01-23T02:10:03.460Z - info: Using extension client-html
2016-01-23T02:10:03.493Z - info: Using extension embedded-store
2016-01-23T02:10:03.495Z - info: Using extension xlsx
2016-01-23T02:10:03.776Z - info: Using extension express
2016-01-23T02:10:04.015Z - info: Using extension fop-pdf
2016-01-23T02:10:04.059Z - info: Using extension handlebars
2016-01-23T02:10:04.062Z - info: Using extension authentication
2016-01-23T02:10:04.111Z - info: Using extension jsrender
2016-01-23T02:10:04.114Z - info: Using extension templates
2016-01-23T02:10:04.132Z - info: Using extension analytics
2016-01-23T02:10:04.361Z - info: Using extension fs-store
2016-01-23T02:10:04.527Z - info: Using extension data
2016-01-23T02:10:04.542Z - info: Using extension html-to-xlsx
2016-01-23T02:10:04.666Z - info: Using extension authorization
2016-01-23T02:10:04.675Z - info: Using extension child-templates
2016-01-23T02:10:04.688Z - info: Using extension licensing
2016-01-23T02:10:04.721Z - info: Using extension phantom-pdf
2016-01-23T02:10:04.779Z - info: Using extension text
2016-01-23T02:10:04.781Z - info: Using extension reports
2016-01-23T02:10:04.791Z - info: Using extension resources
2016-01-23T02:10:04.806Z - info: Using extension client-app
2016-01-23T02:10:04.814Z - info: Using extension images
2016-01-23T02:10:04.831Z - info: Using extension scheduling
2016-01-23T02:10:04.926Z - info: Using extension scripts
2016-01-23T02:10:04.942Z - info: Using extension statistics
2016-01-23T02:10:04.944Z - info: Using extension sample-template
2016-01-23T02:10:04.947Z - info: Using extension public-templates
2016-01-23T02:10:04.965Z - info: Using extension embedding
2016-01-23T02:10:05.005Z - info: Extensions loaded.
2016-01-23T02:10:05.031Z - info: Creating memory store
2016-01-23T02:10:05.090Z - info: Creating default express app.
2016-01-23T02:10:05.213Z - info: jsreport server successfully started on http port: 2000
2016-01-23T02:10:05.220Z - warn: License not found, using free
2016-01-23T02:10:05.242Z - info: reporter initialized
2016-01-23T02:11:08.974Z - info: Setting process based strategy for rendering. Please visit http://jsreport.net/learn/configuration for information how to get more performance.
2016-01-23T02:11:09.121Z - info: Searching for available extensions in /home/jonathan/Documents/NodeJs/pdf/
2016-01-23T02:11:09.444Z - info: Found 29 extensions
2016-01-23T02:11:09.466Z - info: Using extension test
2016-01-23T02:11:09.478Z - info: Using extension client-html
2016-01-23T02:11:09.512Z - info: Using extension embedded-store
2016-01-23T02:11:09.514Z - info: Using extension xlsx
2016-01-23T02:11:09.780Z - info: Using extension express
2016-01-23T02:11:10.013Z - info: Using extension fop-pdf
2016-01-23T02:11:10.053Z - info: Using extension handlebars
2016-01-23T02:11:10.057Z - info: Using extension authentication
2016-01-23T02:11:10.105Z - info: Using extension jsrender
2016-01-23T02:11:10.109Z - info: Using extension templates
2016-01-23T02:11:10.127Z - info: Using extension analytics
2016-01-23T02:11:10.351Z - info: Using extension fs-store
2016-01-23T02:11:10.496Z - info: Using extension data
2016-01-23T02:11:10.511Z - info: Using extension html-to-xlsx
2016-01-23T02:11:10.631Z - info: Using extension authorization
2016-01-23T02:11:10.640Z - info: Using extension child-templates
2016-01-23T02:11:10.653Z - info: Using extension licensing
2016-01-23T02:11:10.686Z - info: Using extension phantom-pdf
2016-01-23T02:11:10.745Z - info: Using extension text
2016-01-23T02:11:10.747Z - info: Using extension reports
2016-01-23T02:11:10.757Z - info: Using extension resources
2016-01-23T02:11:10.773Z - info: Using extension client-app
2016-01-23T02:11:10.783Z - info: Using extension images
2016-01-23T02:11:10.800Z - info: Using extension scheduling
2016-01-23T02:11:10.893Z - info: Using extension scripts
2016-01-23T02:11:10.908Z - info: Using extension statistics
2016-01-23T02:11:10.910Z - info: Using extension sample-template
2016-01-23T02:11:10.912Z - info: Using extension public-templates
2016-01-23T02:11:10.930Z - info: Using extension embedding
2016-01-23T02:11:10.969Z - info: Extensions loaded.
2016-01-23T02:11:10.995Z - info: Creating memory store
2016-01-23T02:11:11.051Z - info: Creating default express app.
2016-01-23T02:11:11.200Z - info: jsreport server successfully started on http port: 2000
2016-01-23T02:11:11.210Z - warn: License not found, using free
2016-01-23T02:11:11.241Z - info: reporter initialized
2016-01-23T02:12:21.194Z - info: Setting process based strategy for rendering. Please visit http://jsreport.net/learn/configuration for information how to get more performance.
2016-01-23T02:12:21.345Z - info: Searching for available extensions in /home/jonathan/Documents/NodeJs/pdf/
2016-01-23T02:12:21.665Z - info: Found 29 extensions
2016-01-23T02:12:21.688Z - info: Using extension test
2016-01-23T02:12:21.699Z - info: Using extension client-html
2016-01-23T02:12:21.733Z - info: Using extension embedded-store
2016-01-23T02:12:21.735Z - info: Using extension xlsx
2016-01-23T02:12:22.022Z - info: Using extension express
2016-01-23T02:12:22.286Z - info: Using extension fop-pdf
2016-01-23T02:12:22.327Z - info: Using extension handlebars
2016-01-23T02:12:22.330Z - info: Using extension authentication
2016-01-23T02:12:22.382Z - info: Using extension jsrender
2016-01-23T02:12:22.385Z - info: Using extension templates
2016-01-23T02:12:22.404Z - info: Using extension analytics
2016-01-23T02:12:22.626Z - info: Using extension fs-store
2016-01-23T02:12:22.792Z - info: Using extension data
2016-01-23T02:12:22.807Z - info: Using extension html-to-xlsx
2016-01-23T02:12:22.941Z - info: Using extension authorization
2016-01-23T02:12:22.951Z - info: Using extension child-templates
2016-01-23T02:12:22.964Z - info: Using extension licensing
2016-01-23T02:12:22.997Z - info: Using extension phantom-pdf
2016-01-23T02:12:23.058Z - info: Using extension text
2016-01-23T02:12:23.060Z - info: Using extension reports
2016-01-23T02:12:23.070Z - info: Using extension resources
2016-01-23T02:12:23.085Z - info: Using extension client-app
2016-01-23T02:12:23.094Z - info: Using extension images
2016-01-23T02:12:23.111Z - info: Using extension scheduling
2016-01-23T02:12:23.207Z - info: Using extension scripts
2016-01-23T02:12:23.222Z - info: Using extension statistics
2016-01-23T02:12:23.224Z - info: Using extension sample-template
2016-01-23T02:12:23.227Z - info: Using extension public-templates
2016-01-23T02:12:23.245Z - info: Using extension embedding
2016-01-23T02:12:23.281Z - info: Extensions loaded.
2016-01-23T02:12:23.312Z - info: Creating memory store
2016-01-23T02:12:23.368Z - info: Creating default express app.
2016-01-23T02:12:23.488Z - info: jsreport server successfully started on http port: 2000
2016-01-23T02:12:23.494Z - warn: License not found, using free
2016-01-23T02:12:23.514Z - info: reporter initialized
2016-01-23T02:13:31.605Z - info: Setting process based strategy for rendering. Please visit http://jsreport.net/learn/configuration for information how to get more performance.
2016-01-23T02:13:31.753Z - info: Searching for available extensions in /home/jonathan/Documents/NodeJs/pdf/
2016-01-23T02:13:32.080Z - info: Found 29 extensions
2016-01-23T02:13:32.115Z - info: Using extension test
2016-01-23T02:13:32.128Z - info: Using extension client-html
2016-01-23T02:13:32.167Z - info: Using extension embedded-store
2016-01-23T02:13:32.169Z - info: Using extension xlsx
2016-01-23T02:13:32.447Z - info: Using extension express
2016-01-23T02:13:32.662Z - info: Using extension fop-pdf
2016-01-23T02:13:32.703Z - info: Using extension handlebars
2016-01-23T02:13:32.706Z - info: Using extension authentication
2016-01-23T02:13:32.755Z - info: Using extension jsrender
2016-01-23T02:13:32.758Z - info: Using extension templates
2016-01-23T02:13:32.777Z - info: Using extension analytics
2016-01-23T02:13:33.002Z - info: Using extension fs-store
2016-01-23T02:13:33.139Z - info: Using extension data
2016-01-23T02:13:33.152Z - info: Using extension html-to-xlsx
2016-01-23T02:13:33.269Z - info: Using extension authorization
2016-01-23T02:13:33.279Z - info: Using extension child-templates
2016-01-23T02:13:33.292Z - info: Using extension licensing
2016-01-23T02:13:33.326Z - info: Using extension phantom-pdf
2016-01-23T02:13:33.387Z - info: Using extension text
2016-01-23T02:13:33.389Z - info: Using extension reports
2016-01-23T02:13:33.399Z - info: Using extension resources
2016-01-23T02:13:33.414Z - info: Using extension client-app
2016-01-23T02:13:33.424Z - info: Using extension images
2016-01-23T02:13:33.441Z - info: Using extension scheduling
2016-01-23T02:13:33.538Z - info: Using extension scripts
2016-01-23T02:13:33.554Z - info: Using extension statistics
2016-01-23T02:13:33.556Z - info: Using extension sample-template
2016-01-23T02:13:33.558Z - info: Using extension public-templates
2016-01-23T02:13:33.578Z - info: Using extension embedding
2016-01-23T02:13:33.621Z - info: Extensions loaded.
2016-01-23T02:13:33.649Z - info: Creating memory store
2016-01-23T02:13:33.704Z - info: Creating default express app.
2016-01-23T02:13:33.835Z - info: jsreport server successfully started on http port: 2000
2016-01-23T02:13:33.842Z - warn: License not found, using free
2016-01-23T02:13:33.864Z - info: reporter initialized
2016-01-23T02:13:42.141Z - info: Starting rendering request 1 (user: null)
2016-01-23T02:13:42.150Z - info: Rendering anonymous template { recipe:phantom-pdf,engine:handlebars}
2016-01-23T02:13:45.960Z - info: Rendering request 1 finished in 3819 ms
2016-01-23T02:14:47.896Z - info: Starting rendering request 2 (user: null)
2016-01-23T02:14:47.915Z - info: Rendering anonymous template { recipe:phantom-pdf,engine:handlebars}
2016-01-23T02:14:48.463Z - info: Rendering request 2 finished in 567 ms
2016-01-23T02:15:39.841Z - info: Starting rendering request 3 (user: null)
2016-01-23T02:15:39.867Z - info: Rendering anonymous template { recipe:phantom-pdf,engine:handlebars}
2016-01-23T02:15:40.420Z - info: Rendering request 3 finished in 580 ms
2016-01-23T02:18:28.701Z - info: Setting process based strategy for rendering. Please visit http://jsreport.net/learn/configuration for information how to get more performance.
2016-01-23T02:18:28.852Z - info: Searching for available extensions in /home/jonathan/Documents/NodeJs/pdf/
2016-01-23T02:18:29.169Z - info: Found 29 extensions
2016-01-23T02:18:29.190Z - info: Using extension test
2016-01-23T02:18:29.201Z - info: Using extension client-html
2016-01-23T02:18:29.234Z - info: Using extension embedded-store
2016-01-23T02:18:29.236Z - info: Using extension xlsx
2016-01-23T02:18:29.498Z - info: Using extension express
2016-01-23T02:18:29.764Z - info: Using extension fop-pdf
2016-01-23T02:18:29.852Z - info: Using extension handlebars
2016-01-23T02:18:29.855Z - info: Using extension authentication
2016-01-23T02:18:29.905Z - info: Using extension jsrender
2016-01-23T02:18:29.908Z - info: Using extension templates
2016-01-23T02:18:29.926Z - info: Using extension analytics
2016-01-23T02:18:30.172Z - info: Using extension fs-store
2016-01-23T02:18:30.320Z - info: Using extension data
2016-01-23T02:18:30.334Z - info: Using extension html-to-xlsx
2016-01-23T02:18:30.455Z - info: Using extension authorization
2016-01-23T02:18:30.465Z - info: Using extension child-templates
2016-01-23T02:18:30.478Z - info: Using extension licensing
2016-01-23T02:18:30.510Z - info: Using extension phantom-pdf
2016-01-23T02:18:30.569Z - info: Using extension text
2016-01-23T02:18:30.571Z - info: Using extension reports
2016-01-23T02:18:30.581Z - info: Using extension resources
2016-01-23T02:18:30.596Z - info: Using extension client-app
2016-01-23T02:18:30.604Z - info: Using extension images
2016-01-23T02:18:30.621Z - info: Using extension scheduling
2016-01-23T02:18:30.714Z - info: Using extension scripts
2016-01-23T02:18:30.729Z - info: Using extension statistics
2016-01-23T02:18:30.731Z - info: Using extension sample-template
2016-01-23T02:18:30.733Z - info: Using extension public-templates
2016-01-23T02:18:30.751Z - info: Using extension embedding
2016-01-23T02:18:30.789Z - info: Extensions loaded.
2016-01-23T02:18:30.815Z - info: Creating memory store
2016-01-23T02:18:30.870Z - info: Creating default express app.
2016-01-23T02:18:30.990Z - info: jsreport server successfully started on http port: 2000
2016-01-23T02:18:30.997Z - warn: License not found, using free
2016-01-23T02:18:31.016Z - info: reporter initialized
2016-01-23T02:18:36.958Z - info: Setting process based strategy for rendering. Please visit http://jsreport.net/learn/configuration for information how to get more performance.
2016-01-23T02:18:37.109Z - info: Searching for available extensions in /home/jonathan/Documents/NodeJs/pdf/
2016-01-23T02:18:37.426Z - info: Found 29 extensions
2016-01-23T02:18:37.449Z - info: Using extension test
2016-01-23T02:18:37.462Z - info: Using extension client-html
2016-01-23T02:18:37.497Z - info: Using extension embedded-store
2016-01-23T02:18:37.499Z - info: Using extension xlsx
2016-01-23T02:18:37.763Z - info: Using extension express
2016-01-23T02:18:38.004Z - info: Using extension fop-pdf
2016-01-23T02:18:38.045Z - info: Using extension handlebars
2016-01-23T02:18:38.048Z - info: Using extension authentication
2016-01-23T02:18:38.099Z - info: Using extension jsrender
2016-01-23T02:18:38.101Z - info: Using extension templates
2016-01-23T02:18:38.120Z - info: Using extension analytics
2016-01-23T02:18:38.338Z - info: Using extension fs-store
2016-01-23T02:18:38.507Z - info: Using extension data
2016-01-23T02:18:38.522Z - info: Using extension html-to-xlsx
2016-01-23T02:18:38.655Z - info: Using extension authorization
2016-01-23T02:18:38.664Z - info: Using extension child-templates
2016-01-23T02:18:38.677Z - info: Using extension licensing
2016-01-23T02:18:38.710Z - info: Using extension phantom-pdf
2016-01-23T02:18:38.772Z - info: Using extension text
2016-01-23T02:18:38.774Z - info: Using extension reports
2016-01-23T02:18:38.785Z - info: Using extension resources
2016-01-23T02:18:38.800Z - info: Using extension client-app
2016-01-23T02:18:38.810Z - info: Using extension images
2016-01-23T02:18:38.828Z - info: Using extension scheduling
2016-01-23T02:18:38.927Z - info: Using extension scripts
2016-01-23T02:18:38.942Z - info: Using extension statistics
2016-01-23T02:18:38.945Z - info: Using extension sample-template
2016-01-23T02:18:38.947Z - info: Using extension public-templates
2016-01-23T02:18:38.967Z - info: Using extension embedding
2016-01-23T02:18:39.006Z - info: Extensions loaded.
2016-01-23T02:18:39.039Z - info: Creating memory store
2016-01-23T02:18:39.097Z - info: Creating default express app.
2016-01-23T02:18:39.218Z - info: jsreport server successfully started on http port: 2000
2016-01-23T02:18:39.224Z - warn: License not found, using free
2016-01-23T02:18:39.245Z - info: reporter initialized
2016-01-23T02:19:00.584Z - info: Setting process based strategy for rendering. Please visit http://jsreport.net/learn/configuration for information how to get more performance.
2016-01-23T02:19:00.736Z - info: Searching for available extensions in /home/jonathan/Documents/NodeJs/pdf/
2016-01-23T02:19:01.056Z - info: Found 29 extensions
2016-01-23T02:19:01.080Z - info: Using extension test
2016-01-23T02:19:01.093Z - info: Using extension client-html
2016-01-23T02:19:01.128Z - info: Using extension embedded-store
2016-01-23T02:19:01.130Z - info: Using extension xlsx
2016-01-23T02:19:01.404Z - info: Using extension express
2016-01-23T02:19:01.629Z - info: Using extension fop-pdf
2016-01-23T02:19:01.669Z - info: Using extension handlebars
2016-01-23T02:19:01.672Z - info: Using extension authentication
2016-01-23T02:19:01.723Z - info: Using extension jsrender
2016-01-23T02:19:01.726Z - info: Using extension templates
2016-01-23T02:19:01.745Z - info: Using extension analytics
2016-01-23T02:19:01.974Z - info: Using extension fs-store
2016-01-23T02:19:02.123Z - info: Using extension data
2016-01-23T02:19:02.138Z - info: Using extension html-to-xlsx
2016-01-23T02:19:02.264Z - info: Using extension authorization
2016-01-23T02:19:02.273Z - info: Using extension child-templates
2016-01-23T02:19:02.287Z - info: Using extension licensing
2016-01-23T02:19:02.320Z - info: Using extension phantom-pdf
2016-01-23T02:19:02.378Z - info: Using extension text
2016-01-23T02:19:02.380Z - info: Using extension reports
2016-01-23T02:19:02.390Z - info: Using extension resources
2016-01-23T02:19:02.405Z - info: Using extension client-app
2016-01-23T02:19:02.413Z - info: Using extension images
2016-01-23T02:19:02.431Z - info: Using extension scheduling
2016-01-23T02:19:02.536Z - info: Using extension scripts
2016-01-23T02:19:02.552Z - info: Using extension statistics
2016-01-23T02:19:02.555Z - info: Using extension sample-template
2016-01-23T02:19:02.557Z - info: Using extension public-templates
2016-01-23T02:19:02.576Z - info: Using extension embedding
2016-01-23T02:19:02.614Z - info: Extensions loaded.
2016-01-23T02:19:02.640Z - info: Creating memory store
2016-01-23T02:19:02.699Z - info: Creating default express app.
2016-01-23T02:19:02.834Z - info: jsreport server successfully started on http port: 2000
2016-01-23T02:19:02.844Z - warn: License not found, using free
2016-01-23T02:19:02.875Z - info: reporter initialized
2016-01-23T02:19:28.148Z - info: Setting process based strategy for rendering. Please visit http://jsreport.net/learn/configuration for information how to get more performance.
2016-01-23T02:19:28.375Z - info: Searching for available extensions in /home/jonathan/Documents/NodeJs/pdf/
2016-01-23T02:19:28.686Z - info: Found 29 extensions
2016-01-23T02:19:28.709Z - info: Using extension test
2016-01-23T02:19:28.720Z - info: Using extension client-html
2016-01-23T02:19:28.753Z - info: Using extension embedded-store
2016-01-23T02:19:28.755Z - info: Using extension xlsx
2016-01-23T02:19:29.026Z - info: Using extension express
2016-01-23T02:19:29.252Z - info: Using extension fop-pdf
2016-01-23T02:19:29.292Z - info: Using extension handlebars
2016-01-23T02:19:29.295Z - info: Using extension authentication
2016-01-23T02:19:29.343Z - info: Using extension jsrender
2016-01-23T02:19:29.346Z - info: Using extension templates
2016-01-23T02:19:29.365Z - info: Using extension analytics
2016-01-23T02:19:29.585Z - info: Using extension fs-store
2016-01-23T02:19:29.762Z - info: Using extension data
2016-01-23T02:19:29.776Z - info: Using extension html-to-xlsx
2016-01-23T02:19:29.920Z - info: Using extension authorization
2016-01-23T02:19:29.934Z - info: Using extension child-templates
2016-01-23T02:19:29.961Z - info: Using extension licensing
2016-01-23T02:19:30.017Z - info: Using extension phantom-pdf
2016-01-23T02:19:30.109Z - info: Using extension text
2016-01-23T02:19:30.111Z - info: Using extension reports
2016-01-23T02:19:30.122Z - info: Using extension resources
2016-01-23T02:19:30.137Z - info: Using extension client-app
2016-01-23T02:19:30.144Z - info: Using extension images
2016-01-23T02:19:30.161Z - info: Using extension scheduling
2016-01-23T02:19:30.254Z - info: Using extension scripts
2016-01-23T02:19:30.277Z - info: Using extension statistics
2016-01-23T02:19:30.282Z - info: Using extension sample-template
2016-01-23T02:19:30.285Z - info: Using extension public-templates
2016-01-23T02:19:30.309Z - info: Using extension embedding
2016-01-23T02:19:30.376Z - info: Extensions loaded.
2016-01-23T02:19:30.436Z - info: Creating memory store
2016-01-23T02:19:30.507Z - info: Creating default express app.
2016-01-23T02:19:30.629Z - info: jsreport server successfully started on http port: 2000
2016-01-23T02:19:30.635Z - warn: License not found, using free
2016-01-23T02:19:30.655Z - info: reporter initialized
2016-01-23T02:20:52.729Z - info: Setting process based strategy for rendering. Please visit http://jsreport.net/learn/configuration for information how to get more performance.
2016-01-23T02:20:52.918Z - info: Searching for available extensions in /home/jonathan/Documents/NodeJs/pdf/
2016-01-23T02:20:53.274Z - info: Found 29 extensions
2016-01-23T02:20:53.298Z - info: Using extension test
2016-01-23T02:20:53.310Z - info: Using extension client-html
2016-01-23T02:20:53.343Z - info: Using extension embedded-store
2016-01-23T02:20:53.345Z - info: Using extension xlsx
2016-01-23T02:20:53.629Z - info: Using extension express
2016-01-23T02:20:53.849Z - info: Using extension fop-pdf
2016-01-23T02:20:53.888Z - info: Using extension handlebars
2016-01-23T02:20:53.891Z - info: Using extension authentication
2016-01-23T02:20:53.939Z - info: Using extension jsrender
2016-01-23T02:20:53.942Z - info: Using extension templates
2016-01-23T02:20:53.962Z - info: Using extension analytics
2016-01-23T02:20:54.179Z - info: Using extension fs-store
2016-01-23T02:20:54.345Z - info: Using extension data
2016-01-23T02:20:54.358Z - info: Using extension html-to-xlsx
2016-01-23T02:20:54.475Z - info: Using extension authorization
2016-01-23T02:20:54.484Z - info: Using extension child-templates
2016-01-23T02:20:54.497Z - info: Using extension licensing
2016-01-23T02:20:54.535Z - info: Using extension phantom-pdf
2016-01-23T02:20:54.592Z - info: Using extension text
2016-01-23T02:20:54.594Z - info: Using extension reports
2016-01-23T02:20:54.604Z - info: Using extension resources
2016-01-23T02:20:54.618Z - info: Using extension client-app
2016-01-23T02:20:54.627Z - info: Using extension images
2016-01-23T02:20:54.643Z - info: Using extension scheduling
2016-01-23T02:20:54.735Z - info: Using extension scripts
2016-01-23T02:20:54.751Z - info: Using extension statistics
2016-01-23T02:20:54.753Z - info: Using extension sample-template
2016-01-23T02:20:54.755Z - info: Using extension public-templates
2016-01-23T02:20:54.774Z - info: Using extension embedding
2016-01-23T02:20:54.808Z - info: Extensions loaded.
2016-01-23T02:20:54.837Z - info: Creating memory store
2016-01-23T02:20:54.892Z - info: Creating default express app.
2016-01-23T02:20:55.009Z - info: jsreport server successfully started on http port: 2000
2016-01-23T02:20:55.016Z - warn: License not found, using free
2016-01-23T02:20:55.038Z - info: reporter initialized
2016-01-23T02:22:48.805Z - info: Setting process based strategy for rendering. Please visit http://jsreport.net/learn/configuration for information how to get more performance.
2016-01-23T02:22:48.954Z - info: Searching for available extensions in /home/jonathan/Documents/NodeJs/pdf/
2016-01-23T02:22:49.303Z - info: Found 29 extensions
2016-01-23T02:22:49.329Z - info: Using extension test
2016-01-23T02:22:49.340Z - info: Using extension client-html
2016-01-23T02:22:49.374Z - info: Using extension embedded-store
2016-01-23T02:22:49.376Z - info: Using extension xlsx
2016-01-23T02:22:49.642Z - info: Using extension express
2016-01-23T02:22:49.863Z - info: Using extension fop-pdf
2016-01-23T02:22:49.907Z - info: Using extension handlebars
2016-01-23T02:22:49.910Z - info: Using extension authentication
2016-01-23T02:22:49.960Z - info: Using extension jsrender
2016-01-23T02:22:49.962Z - info: Using extension templates
2016-01-23T02:22:49.981Z - info: Using extension analytics
2016-01-23T02:22:50.192Z - info: Using extension fs-store
2016-01-23T02:22:50.424Z - info: Using extension data
2016-01-23T02:22:50.443Z - info: Using extension html-to-xlsx
2016-01-23T02:22:50.582Z - info: Using extension authorization
2016-01-23T02:22:50.590Z - info: Using extension child-templates
2016-01-23T02:22:50.610Z - info: Using extension licensing
2016-01-23T02:22:50.648Z - info: Using extension phantom-pdf
2016-01-23T02:22:50.709Z - info: Using extension text
2016-01-23T02:22:50.710Z - info: Using extension reports
2016-01-23T02:22:50.721Z - info: Using extension resources
2016-01-23T02:22:50.736Z - info: Using extension client-app
2016-01-23T02:22:50.744Z - info: Using extension images
2016-01-23T02:22:50.764Z - info: Using extension scheduling
2016-01-23T02:22:50.859Z - info: Using extension scripts
2016-01-23T02:22:50.873Z - info: Using extension statistics
2016-01-23T02:22:50.875Z - info: Using extension sample-template
2016-01-23T02:22:50.878Z - info: Using extension public-templates
2016-01-23T02:22:50.896Z - info: Using extension embedding
2016-01-23T02:22:50.930Z - info: Extensions loaded.
2016-01-23T02:22:50.962Z - info: Creating memory store
2016-01-23T02:22:51.016Z - info: Creating default express app.
2016-01-23T02:22:51.147Z - info: jsreport server successfully started on http port: 2000
2016-01-23T02:22:51.154Z - warn: License not found, using free
2016-01-23T02:22:51.174Z - info: reporter initialized
2016-01-23T02:23:50.391Z - info: Setting process based strategy for rendering. Please visit http://jsreport.net/learn/configuration for information how to get more performance.
2016-01-23T02:23:50.538Z - info: Searching for available extensions in /home/jonathan/Documents/NodeJs/pdf/
2016-01-23T02:23:50.857Z - info: Found 29 extensions
2016-01-23T02:23:50.881Z - info: Using extension test
2016-01-23T02:23:50.892Z - info: Using extension client-html
2016-01-23T02:23:50.928Z - info: Using extension embedded-store
2016-01-23T02:23:50.930Z - info: Using extension xlsx
2016-01-23T02:23:51.250Z - info: Using extension express
2016-01-23T02:23:51.472Z - info: Using extension fop-pdf
2016-01-23T02:23:51.510Z - info: Using extension handlebars
2016-01-23T02:23:51.513Z - info: Using extension authentication
2016-01-23T02:23:51.562Z - info: Using extension jsrender
2016-01-23T02:23:51.565Z - info: Using extension templates
2016-01-23T02:23:51.583Z - info: Using extension analytics
2016-01-23T02:23:51.809Z - info: Using extension fs-store
2016-01-23T02:23:51.978Z - info: Using extension data
2016-01-23T02:23:51.993Z - info: Using extension html-to-xlsx
2016-01-23T02:23:52.114Z - info: Using extension authorization
2016-01-23T02:23:52.123Z - info: Using extension child-templates
2016-01-23T02:23:52.137Z - info: Using extension licensing
2016-01-23T02:23:52.169Z - info: Using extension phantom-pdf
2016-01-23T02:23:52.229Z - info: Using extension text
2016-01-23T02:23:52.230Z - info: Using extension reports
2016-01-23T02:23:52.240Z - info: Using extension resources
2016-01-23T02:23:52.256Z - info: Using extension client-app
2016-01-23T02:23:52.265Z - info: Using extension images
2016-01-23T02:23:52.282Z - info: Using extension scheduling
2016-01-23T02:23:52.376Z - info: Using extension scripts
2016-01-23T02:23:52.391Z - info: Using extension statistics
2016-01-23T02:23:52.393Z - info: Using extension sample-template
2016-01-23T02:23:52.395Z - info: Using extension public-templates
2016-01-23T02:23:52.413Z - info: Using extension embedding
2016-01-23T02:23:52.451Z - info: Extensions loaded.
2016-01-23T02:23:52.477Z - info: Creating memory store
2016-01-23T02:23:52.534Z - info: Creating default express app.
2016-01-23T02:23:52.654Z - info: jsreport server successfully started on http port: 2000
2016-01-23T02:23:52.660Z - warn: License not found, using free
2016-01-23T02:23:52.681Z - info: reporter initialized
2016-01-23T02:24:00.591Z - info: Starting rendering request 1 (user: null)
2016-01-23T02:24:00.614Z - info: Rendering anonymous template { recipe:phantom-pdf,engine:handlebars}
2016-01-23T02:24:01.141Z - info: Rendering request 1 finished in 550 ms
2016-01-23T02:24:48.171Z - info: Setting process based strategy for rendering. Please visit http://jsreport.net/learn/configuration for information how to get more performance.
2016-01-23T02:24:48.317Z - info: Searching for available extensions in /home/jonathan/Documents/NodeJs/pdf/
2016-01-23T02:24:48.635Z - info: Found 29 extensions
2016-01-23T02:24:48.657Z - info: Using extension test
2016-01-23T02:24:48.667Z - info: Using extension client-html
2016-01-23T02:24:48.699Z - info: Using extension embedded-store
2016-01-23T02:24:48.701Z - info: Using extension xlsx
2016-01-23T02:24:48.967Z - info: Using extension express
2016-01-23T02:24:49.225Z - info: Using extension fop-pdf
2016-01-23T02:24:49.264Z - info: Using extension handlebars
2016-01-23T02:24:49.267Z - info: Using extension authentication
2016-01-23T02:24:49.316Z - info: Using extension jsrender
2016-01-23T02:24:49.319Z - info: Using extension templates
2016-01-23T02:24:49.338Z - info: Using extension analytics
2016-01-23T02:24:49.556Z - info: Using extension fs-store
2016-01-23T02:24:49.720Z - info: Using extension data
2016-01-23T02:24:49.735Z - info: Using extension html-to-xlsx
2016-01-23T02:24:49.855Z - info: Using extension authorization
2016-01-23T02:24:49.865Z - info: Using extension child-templates
2016-01-23T02:24:49.878Z - info: Using extension licensing
2016-01-23T02:24:49.910Z - info: Using extension phantom-pdf
2016-01-23T02:24:49.968Z - info: Using extension text
2016-01-23T02:24:49.970Z - info: Using extension reports
2016-01-23T02:24:49.980Z - info: Using extension resources
2016-01-23T02:24:49.995Z - info: Using extension client-app
2016-01-23T02:24:50.003Z - info: Using extension images
2016-01-23T02:24:50.019Z - info: Using extension scheduling
2016-01-23T02:24:50.115Z - info: Using extension scripts
2016-01-23T02:24:50.130Z - info: Using extension statistics
2016-01-23T02:24:50.132Z - info: Using extension sample-template
2016-01-23T02:24:50.135Z - info: Using extension public-templates
2016-01-23T02:24:50.153Z - info: Using extension embedding
2016-01-23T02:24:50.188Z - info: Extensions loaded.
2016-01-23T02:24:50.220Z - info: Creating memory store
2016-01-23T02:24:50.276Z - info: Creating default express app.
2016-01-23T02:24:50.397Z - info: jsreport server successfully started on http port: 2000
2016-01-23T02:24:50.404Z - warn: License not found, using free
2016-01-23T02:24:50.423Z - info: reporter initialized
2016-01-23T02:24:56.029Z - info: Starting rendering request 1 (user: null)
2016-01-23T02:24:56.051Z - error: Error when processing render request Error during rendering report: Template must contains _id, shortid or content attribute. Error: Template must contains _id, shortid or content attribute.
    at Templating.handleBeforeRender (/home/jonathan/Documents/NodeJs/pdf/node_modules/jsreport/node_modules/jsreport-templates/lib/templates.js:33:13)
    at /home/jonathan/Documents/NodeJs/pdf/node_modules/jsreport/node_modules/jsreport-core/node_modules/listener-collection/lib/listenerCollection.js:172:41
    at /home/jonathan/Documents/NodeJs/pdf/node_modules/jsreport/node_modules/jsreport-core/node_modules/listener-collection/lib/listenerCollection.js:151:24
From previous event:
    at /home/jonathan/Documents/NodeJs/pdf/node_modules/jsreport/node_modules/jsreport-core/node_modules/listener-collection/lib/listenerCollection.js:149:53
    at Array.map (native)
    at mapSeries (/home/jonathan/Documents/NodeJs/pdf/node_modules/jsreport/node_modules/jsreport-core/node_modules/listener-collection/lib/listenerCollection.js:148:28)
    at ListenerCollection.fire (/home/jonathan/Documents/NodeJs/pdf/node_modules/jsreport/node_modules/jsreport-core/node_modules/listener-collection/lib/listenerCollection.js:167:16)
    at null.<anonymous> (/home/jonathan/Documents/NodeJs/pdf/node_modules/jsreport/node_modules/jsreport-core/lib/reporter.js:129:43)
    at /home/jonathan/Documents/NodeJs/pdf/node_modules/jsreport/node_modules/jsreport-core/node_modules/toner/lib/listeners.js:42:12
    at Array.forEach (native)
    at collection.fire (/home/jonathan/Documents/NodeJs/pdf/node_modules/jsreport/node_modules/jsreport-core/node_modules/toner/lib/listeners.js:28:9)
    at Toner.render (/home/jonathan/Documents/NodeJs/pdf/node_modules/jsreport/node_modules/jsreport-core/node_modules/toner/lib/toner.js:107:24)
2016-01-23T02:25:00.045Z - info: Starting rendering request 2 (user: null)
2016-01-23T02:25:00.070Z - error: Error when processing render request Error during rendering report: Template must contains _id, shortid or content attribute. Error: Template must contains _id, shortid or content attribute.
    at Templating.handleBeforeRender (/home/jonathan/Documents/NodeJs/pdf/node_modules/jsreport/node_modules/jsreport-templates/lib/templates.js:33:13)
    at /home/jonathan/Documents/NodeJs/pdf/node_modules/jsreport/node_modules/jsreport-core/node_modules/listener-collection/lib/listenerCollection.js:172:41
    at /home/jonathan/Documents/NodeJs/pdf/node_modules/jsreport/node_modules/jsreport-core/node_modules/listener-collection/lib/listenerCollection.js:151:24
From previous event:
    at /home/jonathan/Documents/NodeJs/pdf/node_modules/jsreport/node_modules/jsreport-core/node_modules/listener-collection/lib/listenerCollection.js:149:53
    at Array.map (native)
    at mapSeries (/home/jonathan/Documents/NodeJs/pdf/node_modules/jsreport/node_modules/jsreport-core/node_modules/listener-collection/lib/listenerCollection.js:148:28)
    at ListenerCollection.fire (/home/jonathan/Documents/NodeJs/pdf/node_modules/jsreport/node_modules/jsreport-core/node_modules/listener-collection/lib/listenerCollection.js:167:16)
    at null.<anonymous> (/home/jonathan/Documents/NodeJs/pdf/node_modules/jsreport/node_modules/jsreport-core/lib/reporter.js:129:43)
    at /home/jonathan/Documents/NodeJs/pdf/node_modules/jsreport/node_modules/jsreport-core/node_modules/toner/lib/listeners.js:42:12
    at Array.forEach (native)
    at collection.fire (/home/jonathan/Documents/NodeJs/pdf/node_modules/jsreport/node_modules/jsreport-core/node_modules/toner/lib/listeners.js:28:9)
    at Toner.render (/home/jonathan/Documents/NodeJs/pdf/node_modules/jsreport/node_modules/jsreport-core/node_modules/toner/lib/toner.js:107:24)
2016-01-23T02:25:06.146Z - info: Starting rendering request 3 (user: null)
2016-01-23T02:25:06.165Z - info: Rendering anonymous template { recipe:phantom-pdf,engine:handlebars}
2016-01-23T02:25:06.723Z - info: Rendering request 3 finished in 576 ms
2016-01-23T02:25:51.506Z - info: Setting process based strategy for rendering. Please visit http://jsreport.net/learn/configuration for information how to get more performance.
2016-01-23T02:25:51.659Z - info: Searching for available extensions in /home/jonathan/Documents/NodeJs/pdf/
2016-01-23T02:25:51.987Z - info: Found 29 extensions
2016-01-23T02:25:52.010Z - info: Using extension test
2016-01-23T02:25:52.021Z - info: Using extension client-html
2016-01-23T02:25:52.054Z - info: Using extension embedded-store
2016-01-23T02:25:52.056Z - info: Using extension xlsx
2016-01-23T02:25:52.331Z - info: Using extension express
2016-01-23T02:25:52.557Z - info: Using extension fop-pdf
2016-01-23T02:25:52.598Z - info: Using extension handlebars
2016-01-23T02:25:52.601Z - info: Using extension authentication
2016-01-23T02:25:52.650Z - info: Using extension jsrender
2016-01-23T02:25:52.653Z - info: Using extension templates
2016-01-23T02:25:52.672Z - info: Using extension analytics
2016-01-23T02:25:52.901Z - info: Using extension fs-store
2016-01-23T02:25:53.050Z - info: Using extension data
2016-01-23T02:25:53.064Z - info: Using extension html-to-xlsx
2016-01-23T02:25:53.193Z - info: Using extension authorization
2016-01-23T02:25:53.202Z - info: Using extension child-templates
2016-01-23T02:25:53.216Z - info: Using extension licensing
2016-01-23T02:25:53.249Z - info: Using extension phantom-pdf
2016-01-23T02:25:53.308Z - info: Using extension text
2016-01-23T02:25:53.310Z - info: Using extension reports
2016-01-23T02:25:53.321Z - info: Using extension resources
2016-01-23T02:25:53.336Z - info: Using extension client-app
2016-01-23T02:25:53.343Z - info: Using extension images
2016-01-23T02:25:53.360Z - info: Using extension scheduling
2016-01-23T02:25:53.454Z - info: Using extension scripts
2016-01-23T02:25:53.470Z - info: Using extension statistics
2016-01-23T02:25:53.472Z - info: Using extension sample-template
2016-01-23T02:25:53.474Z - info: Using extension public-templates
2016-01-23T02:25:53.492Z - info: Using extension embedding
2016-01-23T02:25:53.531Z - info: Extensions loaded.
2016-01-23T02:25:53.557Z - info: Creating memory store
2016-01-23T02:25:53.614Z - info: Creating default express app.
2016-01-23T02:25:53.734Z - info: jsreport server successfully started on http port: 2000
2016-01-23T02:25:53.742Z - warn: License not found, using free
2016-01-23T02:25:53.765Z - info: reporter initialized
2016-01-23T02:27:03.455Z - info: Setting process based strategy for rendering. Please visit http://jsreport.net/learn/configuration for information how to get more performance.
2016-01-23T02:27:03.609Z - info: Searching for available extensions in /home/jonathan/Documents/NodeJs/pdf/
2016-01-23T02:27:03.936Z - info: Found 29 extensions
2016-01-23T02:27:03.961Z - info: Using extension test
2016-01-23T02:27:03.972Z - info: Using extension client-html
2016-01-23T02:27:04.007Z - info: Using extension embedded-store
2016-01-23T02:27:04.009Z - info: Using extension xlsx
2016-01-23T02:27:04.308Z - info: Using extension express
2016-01-23T02:27:04.628Z - info: Using extension fop-pdf
2016-01-23T02:27:04.675Z - info: Using extension handlebars
2016-01-23T02:27:04.678Z - info: Using extension authentication
2016-01-23T02:27:04.738Z - info: Using extension jsrender
2016-01-23T02:27:04.740Z - info: Using extension templates
2016-01-23T02:27:04.767Z - info: Using extension analytics
2016-01-23T02:27:05.003Z - info: Using extension fs-store
2016-01-23T02:27:05.182Z - info: Using extension data
2016-01-23T02:27:05.196Z - info: Using extension html-to-xlsx
2016-01-23T02:27:05.318Z - info: Using extension authorization
2016-01-23T02:27:05.327Z - info: Using extension child-templates
2016-01-23T02:27:05.340Z - info: Using extension licensing
2016-01-23T02:27:05.374Z - info: Using extension phantom-pdf
2016-01-23T02:27:05.434Z - info: Using extension text
2016-01-23T02:27:05.436Z - info: Using extension reports
2016-01-23T02:27:05.446Z - info: Using extension resources
2016-01-23T02:27:05.461Z - info: Using extension client-app
2016-01-23T02:27:05.469Z - info: Using extension images
2016-01-23T02:27:05.486Z - info: Using extension scheduling
2016-01-23T02:27:05.581Z - info: Using extension scripts
2016-01-23T02:27:05.597Z - info: Using extension statistics
2016-01-23T02:27:05.599Z - info: Using extension sample-template
2016-01-23T02:27:05.602Z - info: Using extension public-templates
2016-01-23T02:27:05.620Z - info: Using extension embedding
2016-01-23T02:27:05.655Z - info: Extensions loaded.
2016-01-23T02:27:05.686Z - info: Creating memory store
2016-01-23T02:27:05.745Z - info: Creating default express app.
2016-01-23T02:27:05.868Z - info: jsreport server successfully started on http port: 2000
2016-01-23T02:27:05.875Z - warn: License not found, using free
2016-01-23T02:27:05.896Z - info: reporter initialized
2016-01-23T02:27:12.253Z - info: Starting rendering request 1 (user: null)
2016-01-23T02:27:12.267Z - info: Rendering anonymous template { recipe:phantom-pdf,engine:handlebars}
2016-01-23T02:27:12.829Z - info: Rendering request 1 finished in 576 ms
2016-01-23T02:29:02.418Z - info: Setting process based strategy for rendering. Please visit http://jsreport.net/learn/configuration for information how to get more performance.
2016-01-23T02:29:02.573Z - info: Searching for available extensions in /home/jonathan/Documents/NodeJs/pdf/
2016-01-23T02:29:02.909Z - info: Found 29 extensions
2016-01-23T02:29:02.933Z - info: Using extension test
2016-01-23T02:29:02.945Z - info: Using extension client-html
2016-01-23T02:29:02.980Z - info: Using extension embedded-store
2016-01-23T02:29:02.982Z - info: Using extension xlsx
2016-01-23T02:29:03.323Z - info: Using extension express
2016-01-23T02:29:03.582Z - info: Using extension fop-pdf
2016-01-23T02:29:03.627Z - info: Using extension handlebars
2016-01-23T02:29:03.630Z - info: Using extension authentication
2016-01-23T02:29:03.684Z - info: Using extension jsrender
2016-01-23T02:29:03.688Z - info: Using extension templates
2016-01-23T02:29:03.709Z - info: Using extension analytics
2016-01-23T02:29:03.971Z - info: Using extension fs-store
2016-01-23T02:29:04.124Z - info: Using extension data
2016-01-23T02:29:04.138Z - info: Using extension html-to-xlsx
2016-01-23T02:29:04.260Z - info: Using extension authorization
2016-01-23T02:29:04.269Z - info: Using extension child-templates
2016-01-23T02:29:04.283Z - info: Using extension licensing
2016-01-23T02:29:04.317Z - info: Using extension phantom-pdf
2016-01-23T02:29:04.376Z - info: Using extension text
2016-01-23T02:29:04.377Z - info: Using extension reports
2016-01-23T02:29:04.388Z - info: Using extension resources
2016-01-23T02:29:04.403Z - info: Using extension client-app
2016-01-23T02:29:04.411Z - info: Using extension images
2016-01-23T02:29:04.430Z - info: Using extension scheduling
2016-01-23T02:29:04.528Z - info: Using extension scripts
2016-01-23T02:29:04.543Z - info: Using extension statistics
2016-01-23T02:29:04.545Z - info: Using extension sample-template
2016-01-23T02:29:04.547Z - info: Using extension public-templates
2016-01-23T02:29:04.566Z - info: Using extension embedding
2016-01-23T02:29:04.605Z - info: Extensions loaded.
2016-01-23T02:29:04.632Z - info: Creating memory store
2016-01-23T02:29:04.689Z - info: Creating default express app.
2016-01-23T02:29:04.810Z - info: jsreport server successfully started on http port: 2000
2016-01-23T02:29:04.816Z - warn: License not found, using free
2016-01-23T02:29:04.837Z - info: reporter initialized
2016-01-23T02:29:07.506Z - info: Starting rendering request 1 (user: null)
2016-01-23T02:29:07.515Z - info: Rendering anonymous template { recipe:phantom-pdf,engine:handlebars}
2016-01-23T02:29:08.044Z - info: Rendering request 1 finished in 538 ms
2016-01-23T02:30:09.856Z - info: Setting process based strategy for rendering. Please visit http://jsreport.net/learn/configuration for information how to get more performance.
2016-01-23T02:30:10.014Z - info: Searching for available extensions in /home/jonathan/Documents/NodeJs/pdf/
2016-01-23T02:30:10.347Z - info: Found 29 extensions
2016-01-23T02:30:10.370Z - info: Using extension test
2016-01-23T02:30:10.381Z - info: Using extension client-html
2016-01-23T02:30:10.415Z - info: Using extension embedded-store
2016-01-23T02:30:10.417Z - info: Using extension xlsx
2016-01-23T02:30:10.715Z - info: Using extension express
2016-01-23T02:30:10.962Z - info: Using extension fop-pdf
2016-01-23T02:30:11.002Z - info: Using extension handlebars
2016-01-23T02:30:11.006Z - info: Using extension authentication
2016-01-23T02:30:11.056Z - info: Using extension jsrender
2016-01-23T02:30:11.058Z - info: Using extension templates
2016-01-23T02:30:11.076Z - info: Using extension analytics
2016-01-23T02:30:11.315Z - info: Using extension fs-store
2016-01-23T02:30:11.473Z - info: Using extension data
2016-01-23T02:30:11.490Z - info: Using extension html-to-xlsx
2016-01-23T02:30:11.613Z - info: Using extension authorization
2016-01-23T02:30:11.622Z - info: Using extension child-templates
2016-01-23T02:30:11.636Z - info: Using extension licensing
2016-01-23T02:30:11.668Z - info: Using extension phantom-pdf
2016-01-23T02:30:11.727Z - info: Using extension text
2016-01-23T02:30:11.729Z - info: Using extension reports
2016-01-23T02:30:11.739Z - info: Using extension resources
2016-01-23T02:30:11.755Z - info: Using extension client-app
2016-01-23T02:30:11.762Z - info: Using extension images
2016-01-23T02:30:11.780Z - info: Using extension scheduling
2016-01-23T02:30:11.883Z - info: Using extension scripts
2016-01-23T02:30:11.899Z - info: Using extension statistics
2016-01-23T02:30:11.901Z - info: Using extension sample-template
2016-01-23T02:30:11.903Z - info: Using extension public-templates
2016-01-23T02:30:11.922Z - info: Using extension embedding
2016-01-23T02:30:11.962Z - info: Extensions loaded.
2016-01-23T02:30:11.989Z - info: Creating memory store
2016-01-23T02:30:12.045Z - info: Creating default express app.
2016-01-23T02:30:12.170Z - info: jsreport server successfully started on http port: 2000
2016-01-23T02:30:12.178Z - warn: License not found, using free
2016-01-23T02:30:12.199Z - info: reporter initialized
2016-01-23T02:30:14.035Z - info: Starting rendering request 1 (user: null)
2016-01-23T02:30:14.049Z - info: Rendering anonymous template { recipe:phantom-pdf,engine:handlebars}
2016-01-23T02:30:14.595Z - info: Rendering request 1 finished in 559 ms
2016-01-23T02:31:30.868Z - info: Setting process based strategy for rendering. Please visit http://jsreport.net/learn/configuration for information how to get more performance.
2016-01-23T02:31:31.033Z - info: Searching for available extensions in /home/jonathan/Documents/NodeJs/pdf/
2016-01-23T02:31:31.362Z - info: Found 29 extensions
2016-01-23T02:31:31.384Z - info: Using extension test
2016-01-23T02:31:31.396Z - info: Using extension client-html
2016-01-23T02:31:31.431Z - info: Using extension embedded-store
2016-01-23T02:31:31.433Z - info: Using extension xlsx
2016-01-23T02:31:31.716Z - info: Using extension express
2016-01-23T02:31:31.960Z - info: Using extension fop-pdf
2016-01-23T02:31:32.000Z - info: Using extension handlebars
2016-01-23T02:31:32.003Z - info: Using extension authentication
2016-01-23T02:31:32.053Z - info: Using extension jsrender
2016-01-23T02:31:32.056Z - info: Using extension templates
2016-01-23T02:31:32.074Z - info: Using extension analytics
2016-01-23T02:31:32.299Z - info: Using extension fs-store
2016-01-23T02:31:32.475Z - info: Using extension data
2016-01-23T02:31:32.489Z - info: Using extension html-to-xlsx
2016-01-23T02:31:32.610Z - info: Using extension authorization
2016-01-23T02:31:32.619Z - info: Using extension child-templates
2016-01-23T02:31:32.633Z - info: Using extension licensing
2016-01-23T02:31:32.669Z - info: Using extension phantom-pdf
2016-01-23T02:31:32.732Z - info: Using extension text
2016-01-23T02:31:32.734Z - info: Using extension reports
2016-01-23T02:31:32.745Z - info: Using extension resources
2016-01-23T02:31:32.761Z - info: Using extension client-app
2016-01-23T02:31:32.769Z - info: Using extension images
2016-01-23T02:31:32.788Z - info: Using extension scheduling
2016-01-23T02:31:32.890Z - info: Using extension scripts
2016-01-23T02:31:32.905Z - info: Using extension statistics
2016-01-23T02:31:32.907Z - info: Using extension sample-template
2016-01-23T02:31:32.910Z - info: Using extension public-templates
2016-01-23T02:31:32.929Z - info: Using extension embedding
2016-01-23T02:31:32.966Z - info: Extensions loaded.
2016-01-23T02:31:32.999Z - info: Creating memory store
2016-01-23T02:31:33.083Z - info: Creating default express app.
2016-01-23T02:31:33.230Z - info: jsreport server successfully started on http port: 2000
2016-01-23T02:31:33.236Z - warn: License not found, using free
2016-01-23T02:31:33.256Z - info: reporter initialized
2016-01-23T02:31:33.940Z - info: Starting rendering request 1 (user: null)
2016-01-23T02:31:33.954Z - info: Rendering anonymous template { recipe:phantom-pdf,engine:handlebars}
2016-01-23T02:31:34.491Z - info: Rendering request 1 finished in 551 ms
2016-01-23T02:32:05.374Z - info: Setting process based strategy for rendering. Please visit http://jsreport.net/learn/configuration for information how to get more performance.
2016-01-23T02:32:05.531Z - info: Searching for available extensions in /home/jonathan/Documents/NodeJs/pdf/
2016-01-23T02:32:05.866Z - info: Found 29 extensions
2016-01-23T02:32:05.889Z - info: Using extension test
2016-01-23T02:32:05.900Z - info: Using extension client-html
2016-01-23T02:32:05.935Z - info: Using extension embedded-store
2016-01-23T02:32:05.936Z - info: Using extension xlsx
2016-01-23T02:32:06.234Z - info: Using extension express
2016-01-23T02:32:06.471Z - info: Using extension fop-pdf
2016-01-23T02:32:06.512Z - info: Using extension handlebars
2016-01-23T02:32:06.515Z - info: Using extension authentication
2016-01-23T02:32:06.567Z - info: Using extension jsrender
2016-01-23T02:32:06.570Z - info: Using extension templates
2016-01-23T02:32:06.589Z - info: Using extension analytics
2016-01-23T02:32:06.845Z - info: Using extension fs-store
2016-01-23T02:32:06.999Z - info: Using extension data
2016-01-23T02:32:07.013Z - info: Using extension html-to-xlsx
2016-01-23T02:32:07.152Z - info: Using extension authorization
2016-01-23T02:32:07.161Z - info: Using extension child-templates
2016-01-23T02:32:07.175Z - info: Using extension licensing
2016-01-23T02:32:07.209Z - info: Using extension phantom-pdf
2016-01-23T02:32:07.270Z - info: Using extension text
2016-01-23T02:32:07.272Z - info: Using extension reports
2016-01-23T02:32:07.282Z - info: Using extension resources
2016-01-23T02:32:07.298Z - info: Using extension client-app
2016-01-23T02:32:07.306Z - info: Using extension images
2016-01-23T02:32:07.325Z - info: Using extension scheduling
2016-01-23T02:32:07.425Z - info: Using extension scripts
2016-01-23T02:32:07.441Z - info: Using extension statistics
2016-01-23T02:32:07.443Z - info: Using extension sample-template
2016-01-23T02:32:07.446Z - info: Using extension public-templates
2016-01-23T02:32:07.464Z - info: Using extension embedding
2016-01-23T02:32:07.503Z - info: Extensions loaded.
2016-01-23T02:32:07.530Z - info: Creating memory store
2016-01-23T02:32:07.590Z - info: Creating default express app.
2016-01-23T02:32:07.719Z - info: jsreport server successfully started on http port: 2000
2016-01-23T02:32:07.725Z - warn: License not found, using free
2016-01-23T02:32:07.748Z - info: reporter initialized
2016-01-23T02:32:09.329Z - info: Starting rendering request 1 (user: null)
2016-01-23T02:32:09.338Z - info: Rendering anonymous template { recipe:phantom-pdf,engine:handlebars}
2016-01-23T02:32:09.861Z - info: Rendering request 1 finished in 532 ms
